#
# A fatal error has been detected by the Java Runtime Environment:
#
#  EXCEPTION_ACCESS_VIOLATION (0xc0000005) at pc=0x6e41dc8b, pid=20928, tid=7204
#
# JRE version: 7.0_25-b17
# Java VM: Java HotSpot(TM) Client VM (23.25-b01 mixed mode windows-x86 )
# Problematic frame:
# V  [jvm.dll+0xbdc8b]
#
# Failed to write core dump. Minidumps are not enabled by default on client versions of Windows
#
# If you would like to submit a bug report, please visit:
#   http://bugreport.sun.com/bugreport/crash.jsp
#

---------------  T H R E A D  ---------------

Current thread (0x04f3f400):  JavaThread "JDWP Transport Listener: dt_socket" daemon [_thread_in_vm, id=7204, stack(0x053d0000,0x05420000)]

siginfo: ExceptionCode=0xc0000005, reading address 0x63003b6c

Registers:
EAX=0x63003b6c, EBX=0x00000000, ECX=0x63003b6c, EDX=0x00000000
ESP=0x0541f4bc, EBP=0x0541f4c0, ESI=0x04f3f400, EDI=0x00fb7620
EIP=0x6e41dc8b, EFLAGS=0x00010206

Top of Stack: (sp=0x0541f4bc)
0x0541f4bc:   04f3f400 0541f4ec 6e53e5ea 63003b6c
0x0541f4cc:   0541f5a4 0541f527 04f3f400 00000000
0x0541f4dc:   00000000 00000000 04f3f400 04f3f400
0x0541f4ec:   0541f528 5f3e9d5c 00fb7620 63003b6c
0x0541f4fc:   0541f527 63003b6c 5f3d436d 63003b6c
0x0541f50c:   0541f527 00000006 00000000 00000000
0x0541f51c:   0000000a 00000000 00f415b8 0541f548
0x0541f52c:   5f3d44e0 00000001 0541f564 0541f5a0 

Instructions: (pc=0x6e41dc8b)
0x6e41dc6b:   0c 5f 5e 5d c2 0c 00 cc cc cc cc cc cc cc cc cc
0x6e41dc7b:   cc cc cc cc cc 55 8b ec 8b 45 08 56 85 c0 74 28
0x6e41dc8b:   8b 30 85 f6 74 22 81 fe fe fe fe fe 74 1a 8b 4e
0x6e41dc9b:   04 8b 41 08 8b 90 90 00 00 00 83 c1 08 ff d2 84 


Register to memory mapping:

EAX=0x63003b6c is an unknown value
EBX=0x00000000 is an unknown value
ECX=0x63003b6c is an unknown value
EDX=0x00000000 is an unknown value
ESP=0x0541f4bc is pointing into the stack for thread: 0x04f3f400
EBP=0x0541f4c0 is pointing into the stack for thread: 0x04f3f400
ESI=0x04f3f400 is a thread
EDI=0x00fb7620 is an unknown value


Stack: [0x053d0000,0x05420000],  sp=0x0541f4bc,  free space=317k
Native frames: (J=compiled Java code, j=interpreted, Vv=VM code, C=native code)
V  [jvm.dll+0xbdc8b]
V  [jvm.dll+0x1de5ea]
C  [jdwp.dll+0x19d5c]  Agent_OnLoad+0xe9ef
C  [jdwp.dll+0x44e0]
C  [jdwp.dll+0x451e]


---------------  P R O C E S S  ---------------

Java Threads: ( => current thread )
  0x04f58400 JavaThread "Service Thread" daemon [_thread_blocked, id=18908, stack(0x05610000,0x05660000)]
  0x04f57800 JavaThread "C1 CompilerThread0" daemon [_thread_blocked, id=22244, stack(0x05580000,0x055d0000)]
  0x04f49800 JavaThread "JDWP Command Reader" daemon [_thread_in_native, id=18368, stack(0x054f0000,0x05540000)]
  0x04f46400 JavaThread "JDWP Event Helper Thread" daemon [_thread_blocked, id=15104, stack(0x05460000,0x054b0000)]
=>0x04f3f400 JavaThread "JDWP Transport Listener: dt_socket" daemon [_thread_in_vm, id=7204, stack(0x053d0000,0x05420000)]
  0x04f38800 JavaThread "Attach Listener" daemon [_thread_blocked, id=10120, stack(0x051a0000,0x051f0000)]
  0x04f36800 JavaThread "Signal Dispatcher" daemon [_thread_blocked, id=6404, stack(0x05110000,0x05160000)]
  0x02886800 JavaThread "Finalizer" daemon [_thread_blocked, id=1080, stack(0x04e80000,0x04ed0000)]
  0x02881800 JavaThread "Reference Handler" daemon [_thread_blocked, id=8176, stack(0x04e30000,0x04e80000)]
  0x00fbe000 JavaThread "main" [_thread_blocked, id=7360, stack(0x00fc0000,0x01010000)]

Other Threads:
  0x0287c000 VMThread [stack: 0x02a70000,0x02ac0000] [id=18160]
  0x04f69000 WatcherThread [stack: 0x056a0000,0x056f0000] [id=8740]

VM state:not at safepoint (normal execution)

VM Mutex/Monitor currently owned by a thread: None

Heap
 def new generation   total 4928K, used 1625K [0x0f010000, 0x0f560000, 0x14560000)
  eden space 4416K,  25% used [0x0f010000, 0x0f1267b0, 0x0f460000)
  from space 512K, 100% used [0x0f4e0000, 0x0f560000, 0x0f560000)
  to   space 512K,   0% used [0x0f460000, 0x0f460000, 0x0f4e0000)
 tenured generation   total 10944K, used 2206K [0x14560000, 0x15010000, 0x1f010000)
   the space 10944K,  20% used [0x14560000, 0x14787990, 0x14787a00, 0x15010000)
 compacting perm gen  total 12288K, used 5145K [0x1f010000, 0x1fc10000, 0x23010000)
   the space 12288K,  41% used [0x1f010000, 0x1f516568, 0x1f516600, 0x1fc10000)
No shared spaces configured.

Card table byte_map: [0x02960000,0x02a10000] byte_map_base: 0x028e7f80

Polling page: 0x00d50000

Code Cache  [0x02e30000, 0x02f30000, 0x04e30000)
 total_blobs=349 nmethods=203 adapters=89 free_code_cache=31756Kb largest_free_block=32519040

Compilation events (10 events):
Event: 0.604 Thread 0x04f57800  197             java.util.HashMap$HashIterator::hasNext (13 bytes)
Event: 0.604 Thread 0x04f57800 nmethod 197 0x02f2c108 code [0x02f2c200, 0x02f2c290]
Event: 0.605 Thread 0x04f57800  198             java.util.AbstractCollection::<init> (5 bytes)
Event: 0.605 Thread 0x04f57800 nmethod 198 0x02f2c2c8 code [0x02f2c3c0, 0x02f2c440]
Event: 0.618 Thread 0x04f57800  199             java.lang.Math::min (46 bytes)
Event: 0.618 Thread 0x04f57800 nmethod 199 0x02f2c488 code [0x02f2c580, 0x02f2c6c0]
Event: 266.153 Thread 0x04f57800  200             java.util.jar.JarFile::getJarEntry (9 bytes)
Event: 266.153 Thread 0x04f57800 nmethod 200 0x02f2c708 code [0x02f2c810, 0x02f2c8dc]
Event: 266.153 Thread 0x04f57800  201             java.util.jar.JarFile::getEntry (22 bytes)
Event: 266.153 Thread 0x04f57800 nmethod 201 0x02f2c948 code [0x02f2ca60, 0x02f2cb98]

GC Heap History (6 events):
Event: 0.312 GC heap before
{Heap before GC invocations=0 (full 0):
 def new generation   total 4928K, used 4416K [0x0f010000, 0x0f560000, 0x14560000)
  eden space 4416K, 100% used [0x0f010000, 0x0f460000, 0x0f460000)
  from space 512K,   0% used [0x0f460000, 0x0f460000, 0x0f4e0000)
  to   space 512K,   0% used [0x0f4e0000, 0x0f4e0000, 0x0f560000)
 tenured generation   total 10944K, used 0K [0x14560000, 0x15010000, 0x1f010000)
   the space 10944K,   0% used [0x14560000, 0x14560000, 0x14560200, 0x15010000)
 compacting perm gen  total 12288K, used 2128K [0x1f010000, 0x1fc10000, 0x23010000)
   the space 12288K,  17% used [0x1f010000, 0x1f224210, 0x1f224400, 0x1fc10000)
No shared spaces configured.
Event: 0.316 GC heap after
Heap after GC invocations=1 (full 0):
 def new generation   total 4928K, used 512K [0x0f010000, 0x0f560000, 0x14560000)
  eden space 4416K,   0% used [0x0f010000, 0x0f010000, 0x0f460000)
  from space 512K, 100% used [0x0f4e0000, 0x0f560000, 0x0f560000)
  to   space 512K,   0% used [0x0f460000, 0x0f460000, 0x0f4e0000)
 tenured generation   total 10944K, used 708K [0x14560000, 0x15010000, 0x1f010000)
   the space 10944K,   6% used [0x14560000, 0x14611010, 0x14611200, 0x15010000)
 compacting perm gen  total 12288K, used 2128K [0x1f010000, 0x1fc10000, 0x23010000)
   the space 12288K,  17% used [0x1f010000, 0x1f224210, 0x1f224400, 0x1fc10000)
No shared spaces configured.
}
Event: 0.425 GC heap before
{Heap before GC invocations=1 (full 0):
 def new generation   total 4928K, used 4927K [0x0f010000, 0x0f560000, 0x14560000)
  eden space 4416K,  99% used [0x0f010000, 0x0f45ffd8, 0x0f460000)
  from space 512K, 100% used [0x0f4e0000, 0x0f560000, 0x0f560000)
  to   space 512K,   0% used [0x0f460000, 0x0f460000, 0x0f4e0000)
 tenured generation   total 10944K, used 708K [0x14560000, 0x15010000, 0x1f010000)
   the space 10944K,   6% used [0x14560000, 0x14611010, 0x14611200, 0x15010000)
 compacting perm gen  total 12288K, used 3369K [0x1f010000, 0x1fc10000, 0x23010000)
   the space 12288K,  27% used [0x1f010000, 0x1f35a460, 0x1f35a600, 0x1fc10000)
No shared spaces configured.
Event: 0.430 GC heap after
Heap after GC invocations=2 (full 0):
 def new generation   total 4928K, used 512K [0x0f010000, 0x0f560000, 0x14560000)
  eden space 4416K,   0% used [0x0f010000, 0x0f010000, 0x0f460000)
  from space 512K, 100% used [0x0f460000, 0x0f4e0000, 0x0f4e0000)
  to   space 512K,   0% used [0x0f4e0000, 0x0f4e0000, 0x0f560000)
 tenured generation   total 10944K, used 1354K [0x14560000, 0x15010000, 0x1f010000)
   the space 10944K,  12% used [0x14560000, 0x146b2970, 0x146b2a00, 0x15010000)
 compacting perm gen  total 12288K, used 3369K [0x1f010000, 0x1fc10000, 0x23010000)
   the space 12288K,  27% used [0x1f010000, 0x1f35a460, 0x1f35a600, 0x1fc10000)
No shared spaces configured.
}
Event: 0.564 GC heap before
{Heap before GC invocations=2 (full 0):
 def new generation   total 4928K, used 4926K [0x0f010000, 0x0f560000, 0x14560000)
  eden space 4416K,  99% used [0x0f010000, 0x0f45f818, 0x0f460000)
  from space 512K, 100% used [0x0f460000, 0x0f4e0000, 0x0f4e0000)
  to   space 512K,   0% used [0x0f4e0000, 0x0f4e0000, 0x0f560000)
 tenured generation   total 10944K, used 1354K [0x14560000, 0x15010000, 0x1f010000)
   the space 10944K,  12% used [0x14560000, 0x146b2970, 0x146b2a00, 0x15010000)
 compacting perm gen  total 12288K, used 4517K [0x1f010000, 0x1fc10000, 0x23010000)
   the space 12288K,  36% used [0x1f010000, 0x1f4796d8, 0x1f479800, 0x1fc10000)
No shared spaces configured.
Event: 0.568 GC heap after
Heap after GC invocations=3 (full 0):
 def new generation   total 4928K, used 512K [0x0f010000, 0x0f560000, 0x14560000)
  eden space 4416K,   0% used [0x0f010000, 0x0f010000, 0x0f460000)
  from space 512K, 100% used [0x0f4e0000, 0x0f560000, 0x0f560000)
  to   space 512K,   0% used [0x0f460000, 0x0f460000, 0x0f4e0000)
 tenured generation   total 10944K, used 2206K [0x14560000, 0x15010000, 0x1f010000)
   the space 10944K,  20% used [0x14560000, 0x14787990, 0x14787a00, 0x15010000)
 compacting perm gen  total 12288K, used 4517K [0x1f010000, 0x1fc10000, 0x23010000)
   the space 12288K,  36% used [0x1f010000, 0x1f4796d8, 0x1f479800, 0x1fc10000)
No shared spaces configured.
}

Deoptimization events (0 events):
No events

Internal exceptions (10 events):
Event: 0.449 Thread 0x00fbe000 Threw 0x0f0aa7e0 at C:\jdk7u2_32P\jdk7u25\hotspot\src\share\vm\prims\jvm.cpp:1235
Event: 0.449 Thread 0x00fbe000 Threw 0x0f0af038 at C:\jdk7u2_32P\jdk7u25\hotspot\src\share\vm\prims\jvm.cpp:1235
Event: 0.450 Thread 0x00fbe000 Threw 0x0f0b3dc8 at C:\jdk7u2_32P\jdk7u25\hotspot\src\share\vm\prims\jvm.cpp:1235
Event: 0.608 Thread 0x00fbe000 Threw 0x0f0b0f20 at C:\jdk7u2_32P\jdk7u25\hotspot\src\share\vm\prims\jni.cpp:716
Event: 0.608 Thread 0x00fbe000 Threw 0x0f0b1310 at C:\jdk7u2_32P\jdk7u25\hotspot\src\share\vm\prims\jvm.cpp:1235
Event: 0.609 Thread 0x00fbe000 Threw 0x0f0b5c08 at C:\jdk7u2_32P\jdk7u25\hotspot\src\share\vm\prims\jvm.cpp:1235
Event: 0.614 Thread 0x00fbe000 Threw 0x0f0b9a88 at C:\jdk7u2_32P\jdk7u25\hotspot\src\share\vm\prims\jvm.cpp:1235
Event: 0.618 Thread 0x00fbe000 Threw 0x0f0bca18 at C:\jdk7u2_32P\jdk7u25\hotspot\src\share\vm\prims\jvm.cpp:1235
Event: 5.641 Thread 0x00fbe000 Threw 0x0f10a8c0 at C:\jdk7u2_32P\jdk7u25\hotspot\src\share\vm\prims\jni.cpp:742
Event: 266.153 Thread 0x04f3f400 Threw 0x0f11b840 at C:\jdk7u2_32P\jdk7u25\hotspot\src\share\vm\prims\jvm.cpp:1235

Events (10 events):
Event: 4.201 Executing VM operation: EnableBiasedLocking
Event: 4.201 Executing VM operation: EnableBiasedLocking done
Event: 5.641 loading class 0x05a195b8
Event: 5.641 loading class 0x059cd158
Event: 5.641 loading class 0x059cd158 done
Event: 5.641 loading class 0x05a195b8 done
Event: 266.152 loading class 0x05a1a000
Event: 266.152 loading class 0x05a1a000 done
Event: 266.155 Executing VM operation: RedefineClasses
Event: 266.157 Executing VM operation: RedefineClasses done


Dynamic libraries:
0x00d60000 - 0x00d8f000 	C:\Program Files (x86)\Java\jdk1.7.0_25\bin\javaw.exe
0x776b0000 - 0x7781e000 	C:\WINDOWS\SYSTEM32\ntdll.dll
0x75110000 - 0x75250000 	C:\WINDOWS\SYSTEM32\KERNEL32.DLL
0x754c0000 - 0x75597000 	C:\WINDOWS\SYSTEM32\KERNELBASE.dll
0x747c0000 - 0x74860000 	C:\WINDOWS\system32\apphelp.dll
0x6e870000 - 0x6ead6000 	C:\WINDOWS\AppPatch\AcGenral.DLL
0x773f0000 - 0x774b3000 	C:\WINDOWS\SYSTEM32\msvcrt.dll
0x75910000 - 0x75951000 	C:\WINDOWS\SYSTEM32\sechost.dll
0x74ea0000 - 0x74ebe000 	C:\WINDOWS\SYSTEM32\SspiCli.dll
0x75a10000 - 0x75a55000 	C:\WINDOWS\SYSTEM32\SHLWAPI.dll
0x714f0000 - 0x715dd000 	C:\WINDOWS\SYSTEM32\UxTheme.dll
0x75250000 - 0x753a3000 	C:\WINDOWS\SYSTEM32\USER32.dll
0x772e0000 - 0x773ef000 	C:\WINDOWS\SYSTEM32\GDI32.dll
0x74240000 - 0x74263000 	C:\WINDOWS\SYSTEM32\WINMM.dll
0x718a0000 - 0x718b3000 	C:\WINDOWS\SYSTEM32\samcli.dll
0x757d0000 - 0x758f9000 	C:\WINDOWS\SYSTEM32\ole32.dll
0x75660000 - 0x756f5000 	C:\WINDOWS\SYSTEM32\OLEAUT32.dll
0x71280000 - 0x71297000 	C:\WINDOWS\SYSTEM32\MSACM32.dll
0x74df0000 - 0x74df8000 	C:\WINDOWS\SYSTEM32\VERSION.dll
0x76020000 - 0x772dc000 	C:\WINDOWS\SYSTEM32\SHELL32.dll
0x74e00000 - 0x74e1b000 	C:\WINDOWS\SYSTEM32\USERENV.dll
0x72200000 - 0x7221a000 	C:\WINDOWS\SYSTEM32\dwmapi.dll
0x72b50000 - 0x72c9b000 	C:\WINDOWS\SYSTEM32\urlmon.dll
0x75440000 - 0x754bc000 	C:\WINDOWS\SYSTEM32\ADVAPI32.dll
0x6f090000 - 0x6f0f5000 	C:\WINDOWS\SYSTEM32\WINSPOOL.DRV
0x731e0000 - 0x731f6000 	C:\WINDOWS\SYSTEM32\MPR.dll
0x755a0000 - 0x7565a000 	C:\WINDOWS\SYSTEM32\RPCRT4.dll
0x74e90000 - 0x74e9a000 	C:\WINDOWS\SYSTEM32\CRYPTBASE.dll
0x75cd0000 - 0x75e4d000 	C:\WINDOWS\SYSTEM32\combase.dll
0x73f40000 - 0x73f63000 	C:\WINDOWS\SYSTEM32\WINMMBASE.dll
0x74de0000 - 0x74def000 	C:\WINDOWS\SYSTEM32\profapi.dll
0x74000000 - 0x74232000 	C:\WINDOWS\SYSTEM32\iertutil.dll
0x74270000 - 0x74463000 	C:\WINDOWS\SYSTEM32\WININET.dll
0x74e30000 - 0x74e84000 	C:\WINDOWS\SYSTEM32\bcryptPrimitives.dll
0x75b00000 - 0x75b3c000 	C:\WINDOWS\SYSTEM32\cfgmgr32.dll
0x74a70000 - 0x74a91000 	C:\WINDOWS\SYSTEM32\DEVOBJ.dll
0x74b40000 - 0x74bcb000 	C:\WINDOWS\SYSTEM32\SHCORE.DLL
0x750c0000 - 0x750e7000 	C:\WINDOWS\system32\IMM32.DLL
0x774c0000 - 0x775d2000 	C:\WINDOWS\SYSTEM32\MSCTF.dll
0x74db0000 - 0x74dda000 	C:\WINDOWS\SYSTEM32\nvinit.dll
0x0f000000 - 0x0f006000 	C:\Program Files (x86)\NVIDIA Corporation\CoProcManager\detoured.dll
0x74630000 - 0x74683000 	C:\Program Files (x86)\NVIDIA Corporation\CoProcManager\nvd3d9wrap.dll
0x75e60000 - 0x76011000 	C:\WINDOWS\SYSTEM32\SETUPAPI.dll
0x72310000 - 0x7234b000 	C:\Program Files (x86)\NVIDIA Corporation\CoProcManager\nvdxgiwrap.dll
0x71c70000 - 0x71e76000 	C:\WINDOWS\WinSxS\x86_microsoft.windows.common-controls_6595b64144ccf1df_6.0.9600.17810_none_a9edf09f013934e0\COMCTL32.dll
0x6e6b0000 - 0x6e76e000 	C:\Program Files (x86)\Java\jdk1.7.0_25\jre\bin\msvcr100.dll
0x6e360000 - 0x6e6a2000 	C:\Program Files (x86)\Java\jdk1.7.0_25\jre\bin\client\jvm.dll
0x729f0000 - 0x729f8000 	C:\WINDOWS\SYSTEM32\WSOCK32.dll
0x74ed0000 - 0x74ed6000 	C:\WINDOWS\SYSTEM32\PSAPI.DLL
0x759c0000 - 0x75a10000 	C:\WINDOWS\SYSTEM32\WS2_32.dll
0x74ec0000 - 0x74ec7000 	C:\WINDOWS\SYSTEM32\NSI.dll
0x71890000 - 0x7189c000 	C:\Program Files (x86)\Java\jdk1.7.0_25\jre\bin\verify.dll
0x71260000 - 0x71280000 	C:\Program Files (x86)\Java\jdk1.7.0_25\jre\bin\java.dll
0x5f3d0000 - 0x5f3fa000 	C:\Program Files (x86)\Java\jdk1.7.0_25\jre\bin\jdwp.dll
0x63700000 - 0x63707000 	C:\Program Files (x86)\Java\jdk1.7.0_25\jre\bin\npt.dll
0x6f070000 - 0x6f083000 	C:\Program Files (x86)\Java\jdk1.7.0_25\jre\bin\zip.dll
0x636f0000 - 0x636f8000 	C:\Program Files (x86)\Java\jdk1.7.0_25\jre\bin\dt_socket.dll
0x74940000 - 0x74951000 	C:\WINDOWS\system32\napinsp.dll
0x74920000 - 0x74936000 	C:\WINDOWS\system32\pnrpnsp.dll
0x74900000 - 0x74914000 	C:\WINDOWS\system32\NLAapi.dll
0x74af0000 - 0x74b3b000 	C:\WINDOWS\System32\mswsock.dll
0x74880000 - 0x748fe000 	C:\WINDOWS\SYSTEM32\DNSAPI.dll
0x74870000 - 0x7487a000 	C:\WINDOWS\System32\winrnr.dll
0x74860000 - 0x74870000 	C:\WINDOWS\system32\wshbth.dll
0x51150000 - 0x5126a000 	C:\WINDOWS\system32\ierd_tgp_lsp.dll
0x73c60000 - 0x73ca6000 	C:\WINDOWS\System32\fwpuclnt.dll
0x73ce0000 - 0x73ce8000 	C:\Windows\System32\rasadhlp.dll
0x6e830000 - 0x6e844000 	C:\Program Files (x86)\Java\jdk1.7.0_25\jre\bin\net.dll
0x6f040000 - 0x6f04f000 	C:\Program Files (x86)\Java\jdk1.7.0_25\jre\bin\nio.dll
0x6a530000 - 0x6a550000 	C:\Program Files (x86)\Java\jdk1.7.0_25\jre\bin\sunec.dll
0x74aa0000 - 0x74ac0000 	C:\WINDOWS\SYSTEM32\IPHLPAPI.DLL
0x74d20000 - 0x74d28000 	C:\WINDOWS\SYSTEM32\WINNSI.DLL
0x74a50000 - 0x74a69000 	C:\WINDOWS\SYSTEM32\CRYPTSP.dll
0x74a20000 - 0x74a50000 	C:\WINDOWS\system32\rsaenh.dll
0x74a00000 - 0x74a1e000 	C:\WINDOWS\SYSTEM32\bcrypt.dll
0x74bd0000 - 0x74d11000 	C:\WINDOWS\SYSTEM32\dbghelp.dll

VM Arguments:
jvm_args: -agentlib:jdwp=transport=dt_socket,suspend=y,address=localhost:49765 -Dfile.encoding=UTF-8 
java_command: com.alipay.sign.AEStest
Launcher Type: SUN_STANDARD

Environment Variables:
JAVA_HOME=C:\Program Files (x86)\Java\jdk1.7.0_25
CLASSPATH=.;C:\Program Files (x86)\Java\jdk1.7.0_25\lib\dt.jar;C:\Program Files (x86)\Java\jdk1.7.0_25\lib\tools.jar;E:\huaxin\apache-cxf-2.7.15\lib;
PATH=C:\Program Files (x86)\Java\jdk1.7.0_25\jre\bin;C:\app\admin\product\11.2.0\dbhome_1\bin;C:\Program Files (x86)\Common Files\NetSarang;C:\Program Files (x86)\NVIDIA Corporation\PhysX\Common;C:\Program Files\Broadcom\Broadcom 802.11 Network Adapter\Driver;;C:\Program Files (x86)\Intel\iCLS Client\;C:\Program Files\Intel\iCLS Client\;C:\WINDOWS\system32;C:\WINDOWS;C:\WINDOWS\System32\Wbem;C:\WINDOWS\System32\WindowsPowerShell\v1.0\;C:\Program Files\Intel\Intel(R) Management Engine Components\DAL;C:\Program Files\Intel\Intel(R) Management Engine Components\IPT;C:\Program Files (x86)\Intel\Intel(R) Management Engine Components\DAL;C:\Program Files (x86)\Intel\Intel(R) Management Engine Components\IPT;C:\Program Files (x86)\Intel\OpenCL SDK\2.0\bin\x86;C:\Program Files (x86)\Intel\OpenCL SDK\2.0\bin\x64;C:\Program Files\Lenovo\Bluetooth Software\;C:\Program Files\Lenovo\Bluetooth Software\syswow64;C:\ProgramData\Lenovo\ReadyApps;C:\Program Files (x86)\Java\jdk1.7.0_25\bin;E:\Program Files\TortoiseSVN\bin;E:\apache-maven-3.2.3-bin\apache-maven-3.2.3\bin;E:\huaxin\apache-cxf-2.7.15\bin;e:\Program Files (x86)\Windows7Master;E:\Program Files (x86)\Windows7Master
USERNAME=admin
OS=Windows_NT
PROCESSOR_IDENTIFIER=Intel64 Family 6 Model 58 Stepping 9, GenuineIntel



---------------  S Y S T E M  ---------------

OS: Windows 8 , 64 bit Build 9200 

CPU:total 4 (2 cores per cpu, 2 threads per core) family 6 model 58 stepping 9, cmov, cx8, fxsr, mmx, sse, sse2, sse3, ssse3, sse4.1, sse4.2, popcnt, avx, ht, tsc, tscinvbit, tscinv

Memory: 4k page, physical 8201716k(2290444k free), swap 10704396k(2283368k free)

vm_info: Java HotSpot(TM) Client VM (23.25-b01) for windows-x86 JRE (1.7.0_25-b17), built on Jun 21 2013 13:06:48 by "java_re" with unknown MS VC++:1600

time: Fri Nov 06 15:54:35 2015
elapsed time: 266 seconds

