#
# A fatal error has been detected by the Java Runtime Environment:
#
#  EXCEPTION_ACCESS_VIOLATION (0xc0000005) at pc=0x6e41dc8b, pid=13236, tid=14588
#
# JRE version: 7.0_25-b17
# Java VM: Java HotSpot(TM) Client VM (23.25-b01 mixed mode windows-x86 )
# Problematic frame:
# V  [jvm.dll+0xbdc8b]
#
# Failed to write core dump. Minidumps are not enabled by default on client versions of Windows
#
# If you would like to submit a bug report, please visit:
#   http://bugreport.sun.com/bugreport/crash.jsp
#

---------------  T H R E A D  ---------------

Current thread (0x0513f400):  JavaThread "JDWP Transport Listener: dt_socket" daemon [_thread_in_vm, id=14588, stack(0x055f0000,0x05640000)]

siginfo: ExceptionCode=0xc0000005, reading address 0x6567616e

Registers:
EAX=0x6567616e, EBX=0x00000000, ECX=0x6567616e, EDX=0x00000000
ESP=0x0563f8ec, EBP=0x0563f8f0, ESI=0x0513f400, EDI=0x01057620
EIP=0x6e41dc8b, EFLAGS=0x00010202

Top of Stack: (sp=0x0563f8ec)
0x0563f8ec:   0513f400 0563f91c 6e53e5ea 6567616e
0x0563f8fc:   0563f9d4 0563f957 0513f400 00000000
0x0563f90c:   00000000 00000000 0513f400 0513f400
0x0563f91c:   0563f958 5f3e9d5c 01057620 6567616e
0x0563f92c:   0563f957 6567616e 5f3d436d 6567616e
0x0563f93c:   0563f957 00000006 00000000 00000000
0x0563f94c:   0000000a 00000000 00141ad8 0563f978
0x0563f95c:   5f3d44e0 00000001 0563f994 0563f9d0 

Instructions: (pc=0x6e41dc8b)
0x6e41dc6b:   0c 5f 5e 5d c2 0c 00 cc cc cc cc cc cc cc cc cc
0x6e41dc7b:   cc cc cc cc cc 55 8b ec 8b 45 08 56 85 c0 74 28
0x6e41dc8b:   8b 30 85 f6 74 22 81 fe fe fe fe fe 74 1a 8b 4e
0x6e41dc9b:   04 8b 41 08 8b 90 90 00 00 00 83 c1 08 ff d2 84 


Register to memory mapping:

EAX=0x6567616e is an unknown value
EBX=0x00000000 is an unknown value
ECX=0x6567616e is an unknown value
EDX=0x00000000 is an unknown value
ESP=0x0563f8ec is pointing into the stack for thread: 0x0513f400
EBP=0x0563f8f0 is pointing into the stack for thread: 0x0513f400
ESI=0x0513f400 is a thread
EDI=0x01057620 is an unknown value


Stack: [0x055f0000,0x05640000],  sp=0x0563f8ec,  free space=318k
Native frames: (J=compiled Java code, j=interpreted, Vv=VM code, C=native code)
V  [jvm.dll+0xbdc8b]
V  [jvm.dll+0x1de5ea]
C  [jdwp.dll+0x19d5c]  Agent_OnLoad+0xe9ef
C  [jdwp.dll+0x44e0]
C  [jdwp.dll+0x451e]


---------------  P R O C E S S  ---------------

Java Threads: ( => current thread )
  0x05158c00 JavaThread "Service Thread" daemon [_thread_blocked, id=17792, stack(0x057f0000,0x05840000)]
  0x05158400 JavaThread "C1 CompilerThread0" daemon [_thread_blocked, id=22188, stack(0x05760000,0x057b0000)]
  0x0514a400 JavaThread "JDWP Command Reader" daemon [_thread_in_native, id=22096, stack(0x056d0000,0x05720000)]
  0x05147400 JavaThread "JDWP Event Helper Thread" daemon [_thread_blocked, id=19628, stack(0x05640000,0x05690000)]
=>0x0513f400 JavaThread "JDWP Transport Listener: dt_socket" daemon [_thread_in_vm, id=14588, stack(0x055f0000,0x05640000)]
  0x05138800 JavaThread "Attach Listener" daemon [_thread_blocked, id=16636, stack(0x053a0000,0x053f0000)]
  0x05136800 JavaThread "Signal Dispatcher" daemon [_thread_blocked, id=16772, stack(0x05310000,0x05360000)]
  0x02a46800 JavaThread "Finalizer" daemon [_thread_blocked, id=13852, stack(0x05080000,0x050d0000)]
  0x02a41800 JavaThread "Reference Handler" daemon [_thread_blocked, id=9240, stack(0x04ff0000,0x05040000)]
  0x0105e000 JavaThread "main" [_thread_blocked, id=4156, stack(0x010b0000,0x01100000)]

Other Threads:
  0x02a3c000 VMThread [stack: 0x04f60000,0x04fb0000] [id=17772]
  0x05162000 WatcherThread [stack: 0x05880000,0x058d0000] [id=21616]

VM state:not at safepoint (normal execution)

VM Mutex/Monitor currently owned by a thread: None

Heap
 def new generation   total 4928K, used 3217K [0x0f010000, 0x0f560000, 0x14560000)
  eden space 4416K,  61% used [0x0f010000, 0x0f2b47e8, 0x0f460000)
  from space 512K, 100% used [0x0f4e0000, 0x0f560000, 0x0f560000)
  to   space 512K,   0% used [0x0f460000, 0x0f460000, 0x0f4e0000)
 tenured generation   total 10944K, used 924K [0x14560000, 0x15010000, 0x1f010000)
   the space 10944K,   8% used [0x14560000, 0x146473c0, 0x14647400, 0x15010000)
 compacting perm gen  total 12288K, used 4010K [0x1f010000, 0x1fc10000, 0x23010000)
   the space 12288K,  32% used [0x1f010000, 0x1f3fa898, 0x1f3faa00, 0x1fc10000)
No shared spaces configured.

Card table byte_map: [0x02b10000,0x02bc0000] byte_map_base: 0x02a97f80

Polling page: 0x01030000

Code Cache  [0x02f20000, 0x03008000, 0x04f20000)
 total_blobs=276 nmethods=135 adapters=84 free_code_cache=31858Kb largest_free_block=32623104

Compilation events (10 events):
Event: 4095.901 Thread 0x05158400  129             java.util.jar.JarFile::hasClassPathAttribute (168 bytes)
Event: 4095.901 Thread 0x05158400 nmethod 129 0x02ffc108 code [0x02ffc240, 0x02ffc494]
Event: 4095.904 Thread 0x05158400  130             java.lang.AbstractStringBuilder::expandCapacity (50 bytes)
Event: 4095.905 Thread 0x05158400 nmethod 130 0x02ffc808 code [0x02ffc920, 0x02ffcb68]
Event: 4095.905 Thread 0x05158400  131   !         sun.nio.cs.ext.DoubleByte$Encoder::encodeArrayLoop (409 bytes)
Event: 4095.909 Thread 0x05158400 nmethod 131 0x02ffccc8 code [0x02ffd360, 0x02fff0d4]
Event: 4095.909 Thread 0x05158400  132             sun.nio.cs.ext.DoubleByte$Encoder::encodeChar (21 bytes)
Event: 4095.909 Thread 0x05158400 nmethod 132 0x030030c8 code [0x030031c0, 0x03003290]
Event: 4095.912 Thread 0x05158400  133             java.lang.StringBuilder::toString (17 bytes)
Event: 4095.913 Thread 0x05158400 nmethod 133 0x03003388 code [0x03003490, 0x0300357c]

GC Heap History (2 events):
Event: 0.342 GC heap before
{Heap before GC invocations=0 (full 0):
 def new generation   total 4928K, used 4416K [0x0f010000, 0x0f560000, 0x14560000)
  eden space 4416K, 100% used [0x0f010000, 0x0f460000, 0x0f460000)
  from space 512K,   0% used [0x0f460000, 0x0f460000, 0x0f4e0000)
  to   space 512K,   0% used [0x0f4e0000, 0x0f4e0000, 0x0f560000)
 tenured generation   total 10944K, used 0K [0x14560000, 0x15010000, 0x1f010000)
   the space 10944K,   0% used [0x14560000, 0x14560000, 0x14560200, 0x15010000)
 compacting perm gen  total 12288K, used 3068K [0x1f010000, 0x1fc10000, 0x23010000)
   the space 12288K,  24% used [0x1f010000, 0x1f30f200, 0x1f30f200, 0x1fc10000)
No shared spaces configured.
Event: 0.346 GC heap after
Heap after GC invocations=1 (full 0):
 def new generation   total 4928K, used 512K [0x0f010000, 0x0f560000, 0x14560000)
  eden space 4416K,   0% used [0x0f010000, 0x0f010000, 0x0f460000)
  from space 512K, 100% used [0x0f4e0000, 0x0f560000, 0x0f560000)
  to   space 512K,   0% used [0x0f460000, 0x0f460000, 0x0f4e0000)
 tenured generation   total 10944K, used 924K [0x14560000, 0x15010000, 0x1f010000)
   the space 10944K,   8% used [0x14560000, 0x146473c0, 0x14647400, 0x15010000)
 compacting perm gen  total 12288K, used 3068K [0x1f010000, 0x1fc10000, 0x23010000)
   the space 12288K,  24% used [0x1f010000, 0x1f30f200, 0x1f30f200, 0x1fc10000)
No shared spaces configured.
}

Deoptimization events (0 events):
No events

Internal exceptions (10 events):
Event: 4095.909 Thread 0x0513f400 Threw 0x0f245840 at C:\jdk7u2_32P\jdk7u25\hotspot\src\share\vm\prims\jvm.cpp:1235
Event: 4095.909 Thread 0x0513f400 Threw 0x0f245958 at C:\jdk7u2_32P\jdk7u25\hotspot\src\share\vm\prims\jvm.cpp:1235
Event: 4095.920 Thread 0x0513f400 Threw 0x0f279600 at C:\jdk7u2_32P\jdk7u25\hotspot\src\share\vm\prims\jvm.cpp:1235
Event: 4095.920 Thread 0x0513f400 Threw 0x0f279718 at C:\jdk7u2_32P\jdk7u25\hotspot\src\share\vm\prims\jvm.cpp:1235
Event: 4095.921 Thread 0x0513f400 Threw 0x0f27a440 at C:\jdk7u2_32P\jdk7u25\hotspot\src\share\vm\prims\jvm.cpp:1235
Event: 4095.921 Thread 0x0513f400 Threw 0x0f27a558 at C:\jdk7u2_32P\jdk7u25\hotspot\src\share\vm\prims\jvm.cpp:1235
Event: 4095.921 Thread 0x0513f400 Threw 0x0f27b2f8 at C:\jdk7u2_32P\jdk7u25\hotspot\src\share\vm\prims\jvm.cpp:1235
Event: 4095.921 Thread 0x0513f400 Threw 0x0f27b410 at C:\jdk7u2_32P\jdk7u25\hotspot\src\share\vm\prims\jvm.cpp:1235
Event: 4095.921 Thread 0x0513f400 Threw 0x0f27c208 at C:\jdk7u2_32P\jdk7u25\hotspot\src\share\vm\prims\jvm.cpp:1235
Event: 4095.921 Thread 0x0513f400 Threw 0x0f27c320 at C:\jdk7u2_32P\jdk7u25\hotspot\src\share\vm\prims\jvm.cpp:1235

Events (10 events):
Event: 4095.897 loading class 0x0297b7a0
Event: 4095.897 loading class 0x0297b7a0 done
Event: 4095.897 loading class 0x0593b3c0
Event: 4095.897 loading class 0x0593b3c0 done
Event: 4095.898 loading class 0x05132b90
Event: 4095.898 loading class 0x05132b90 done
Event: 4095.924 loading class 0x0529abf8
Event: 4095.924 loading class 0x0529abf8 done
Event: 4095.928 Executing VM operation: RedefineClasses
Event: 4095.929 Executing VM operation: RedefineClasses done


Dynamic libraries:
0x00d60000 - 0x00d8f000 	C:\Program Files (x86)\Java\jdk1.7.0_25\bin\javaw.exe
0x776b0000 - 0x7781e000 	C:\WINDOWS\SYSTEM32\ntdll.dll
0x75110000 - 0x75250000 	C:\WINDOWS\SYSTEM32\KERNEL32.DLL
0x754c0000 - 0x75597000 	C:\WINDOWS\SYSTEM32\KERNELBASE.dll
0x747c0000 - 0x74860000 	C:\WINDOWS\system32\apphelp.dll
0x6e870000 - 0x6ead6000 	C:\WINDOWS\AppPatch\AcGenral.DLL
0x773f0000 - 0x774b3000 	C:\WINDOWS\SYSTEM32\msvcrt.dll
0x75910000 - 0x75951000 	C:\WINDOWS\SYSTEM32\sechost.dll
0x74ea0000 - 0x74ebe000 	C:\WINDOWS\SYSTEM32\SspiCli.dll
0x75a10000 - 0x75a55000 	C:\WINDOWS\SYSTEM32\SHLWAPI.dll
0x714f0000 - 0x715dd000 	C:\WINDOWS\SYSTEM32\UxTheme.dll
0x75250000 - 0x753a3000 	C:\WINDOWS\SYSTEM32\USER32.dll
0x772e0000 - 0x773ef000 	C:\WINDOWS\SYSTEM32\GDI32.dll
0x74240000 - 0x74263000 	C:\WINDOWS\SYSTEM32\WINMM.dll
0x718a0000 - 0x718b3000 	C:\WINDOWS\SYSTEM32\samcli.dll
0x757d0000 - 0x758f9000 	C:\WINDOWS\SYSTEM32\ole32.dll
0x75660000 - 0x756f5000 	C:\WINDOWS\SYSTEM32\OLEAUT32.dll
0x71280000 - 0x71297000 	C:\WINDOWS\SYSTEM32\MSACM32.dll
0x74df0000 - 0x74df8000 	C:\WINDOWS\SYSTEM32\VERSION.dll
0x76020000 - 0x772dc000 	C:\WINDOWS\SYSTEM32\SHELL32.dll
0x74e00000 - 0x74e1b000 	C:\WINDOWS\SYSTEM32\USERENV.dll
0x72200000 - 0x7221a000 	C:\WINDOWS\SYSTEM32\dwmapi.dll
0x72b50000 - 0x72c9b000 	C:\WINDOWS\SYSTEM32\urlmon.dll
0x75440000 - 0x754bc000 	C:\WINDOWS\SYSTEM32\ADVAPI32.dll
0x6f090000 - 0x6f0f5000 	C:\WINDOWS\SYSTEM32\WINSPOOL.DRV
0x731e0000 - 0x731f6000 	C:\WINDOWS\SYSTEM32\MPR.dll
0x755a0000 - 0x7565a000 	C:\WINDOWS\SYSTEM32\RPCRT4.dll
0x74e90000 - 0x74e9a000 	C:\WINDOWS\SYSTEM32\CRYPTBASE.dll
0x75cd0000 - 0x75e4d000 	C:\WINDOWS\SYSTEM32\combase.dll
0x73f40000 - 0x73f63000 	C:\WINDOWS\SYSTEM32\WINMMBASE.dll
0x74de0000 - 0x74def000 	C:\WINDOWS\SYSTEM32\profapi.dll
0x74000000 - 0x74232000 	C:\WINDOWS\SYSTEM32\iertutil.dll
0x74270000 - 0x74463000 	C:\WINDOWS\SYSTEM32\WININET.dll
0x74e30000 - 0x74e84000 	C:\WINDOWS\SYSTEM32\bcryptPrimitives.dll
0x75b00000 - 0x75b3c000 	C:\WINDOWS\SYSTEM32\cfgmgr32.dll
0x74a70000 - 0x74a91000 	C:\WINDOWS\SYSTEM32\DEVOBJ.dll
0x74b40000 - 0x74bcb000 	C:\WINDOWS\SYSTEM32\SHCORE.DLL
0x750c0000 - 0x750e7000 	C:\WINDOWS\system32\IMM32.DLL
0x774c0000 - 0x775d2000 	C:\WINDOWS\SYSTEM32\MSCTF.dll
0x74db0000 - 0x74dda000 	C:\WINDOWS\SYSTEM32\nvinit.dll
0x0f000000 - 0x0f006000 	C:\Program Files (x86)\NVIDIA Corporation\CoProcManager\detoured.dll
0x74630000 - 0x74683000 	C:\Program Files (x86)\NVIDIA Corporation\CoProcManager\nvd3d9wrap.dll
0x75e60000 - 0x76011000 	C:\WINDOWS\SYSTEM32\SETUPAPI.dll
0x72310000 - 0x7234b000 	C:\Program Files (x86)\NVIDIA Corporation\CoProcManager\nvdxgiwrap.dll
0x71c70000 - 0x71e76000 	C:\WINDOWS\WinSxS\x86_microsoft.windows.common-controls_6595b64144ccf1df_6.0.9600.17810_none_a9edf09f013934e0\COMCTL32.dll
0x6e6b0000 - 0x6e76e000 	C:\Program Files (x86)\Java\jdk1.7.0_25\jre\bin\msvcr100.dll
0x6e360000 - 0x6e6a2000 	C:\Program Files (x86)\Java\jdk1.7.0_25\jre\bin\client\jvm.dll
0x729f0000 - 0x729f8000 	C:\WINDOWS\SYSTEM32\WSOCK32.dll
0x74ed0000 - 0x74ed6000 	C:\WINDOWS\SYSTEM32\PSAPI.DLL
0x759c0000 - 0x75a10000 	C:\WINDOWS\SYSTEM32\WS2_32.dll
0x74ec0000 - 0x74ec7000 	C:\WINDOWS\SYSTEM32\NSI.dll
0x71890000 - 0x7189c000 	C:\Program Files (x86)\Java\jdk1.7.0_25\jre\bin\verify.dll
0x71260000 - 0x71280000 	C:\Program Files (x86)\Java\jdk1.7.0_25\jre\bin\java.dll
0x5f3d0000 - 0x5f3fa000 	C:\Program Files (x86)\Java\jdk1.7.0_25\jre\bin\jdwp.dll
0x63700000 - 0x63707000 	C:\Program Files (x86)\Java\jdk1.7.0_25\jre\bin\npt.dll
0x6f070000 - 0x6f083000 	C:\Program Files (x86)\Java\jdk1.7.0_25\jre\bin\zip.dll
0x636f0000 - 0x636f8000 	C:\Program Files (x86)\Java\jdk1.7.0_25\jre\bin\dt_socket.dll
0x74940000 - 0x74951000 	C:\WINDOWS\system32\napinsp.dll
0x74920000 - 0x74936000 	C:\WINDOWS\system32\pnrpnsp.dll
0x74900000 - 0x74914000 	C:\WINDOWS\system32\NLAapi.dll
0x74af0000 - 0x74b3b000 	C:\WINDOWS\System32\mswsock.dll
0x74880000 - 0x748fe000 	C:\WINDOWS\SYSTEM32\DNSAPI.dll
0x74870000 - 0x7487a000 	C:\WINDOWS\System32\winrnr.dll
0x74860000 - 0x74870000 	C:\WINDOWS\system32\wshbth.dll
0x51150000 - 0x5126a000 	C:\WINDOWS\system32\ierd_tgp_lsp.dll
0x73c60000 - 0x73ca6000 	C:\WINDOWS\System32\fwpuclnt.dll
0x73ce0000 - 0x73ce8000 	C:\Windows\System32\rasadhlp.dll
0x6a530000 - 0x6a550000 	C:\Program Files (x86)\Java\jdk1.7.0_25\jre\bin\sunec.dll
0x6e830000 - 0x6e844000 	C:\Program Files (x86)\Java\jdk1.7.0_25\jre\bin\net.dll
0x74aa0000 - 0x74ac0000 	C:\WINDOWS\SYSTEM32\IPHLPAPI.DLL
0x74d20000 - 0x74d28000 	C:\WINDOWS\SYSTEM32\WINNSI.DLL
0x74a50000 - 0x74a69000 	C:\WINDOWS\SYSTEM32\CRYPTSP.dll
0x74a20000 - 0x74a50000 	C:\WINDOWS\system32\rsaenh.dll
0x74a00000 - 0x74a1e000 	C:\WINDOWS\SYSTEM32\bcrypt.dll
0x6f040000 - 0x6f04f000 	C:\Program Files (x86)\Java\jdk1.7.0_25\jre\bin\nio.dll
0x74bd0000 - 0x74d11000 	C:\WINDOWS\SYSTEM32\dbghelp.dll

VM Arguments:
jvm_args: -agentlib:jdwp=transport=dt_socket,suspend=y,address=localhost:64924 -Dfile.encoding=UTF-8 
java_command: com.alipay.sign.AEStest
Launcher Type: SUN_STANDARD

Environment Variables:
JAVA_HOME=C:\Program Files (x86)\Java\jdk1.7.0_25
CLASSPATH=.;C:\Program Files (x86)\Java\jdk1.7.0_25\lib\dt.jar;C:\Program Files (x86)\Java\jdk1.7.0_25\lib\tools.jar;E:\huaxin\apache-cxf-2.7.15\lib;
PATH=C:\Program Files (x86)\Java\jdk1.7.0_25\jre\bin;C:\app\admin\product\11.2.0\dbhome_1\bin;C:\Program Files (x86)\Common Files\NetSarang;C:\Program Files (x86)\NVIDIA Corporation\PhysX\Common;C:\Program Files\Broadcom\Broadcom 802.11 Network Adapter\Driver;;C:\Program Files (x86)\Intel\iCLS Client\;C:\Program Files\Intel\iCLS Client\;C:\WINDOWS\system32;C:\WINDOWS;C:\WINDOWS\System32\Wbem;C:\WINDOWS\System32\WindowsPowerShell\v1.0\;C:\Program Files\Intel\Intel(R) Management Engine Components\DAL;C:\Program Files\Intel\Intel(R) Management Engine Components\IPT;C:\Program Files (x86)\Intel\Intel(R) Management Engine Components\DAL;C:\Program Files (x86)\Intel\Intel(R) Management Engine Components\IPT;C:\Program Files (x86)\Intel\OpenCL SDK\2.0\bin\x86;C:\Program Files (x86)\Intel\OpenCL SDK\2.0\bin\x64;C:\Program Files\Lenovo\Bluetooth Software\;C:\Program Files\Lenovo\Bluetooth Software\syswow64;C:\ProgramData\Lenovo\ReadyApps;C:\Program Files (x86)\Java\jdk1.7.0_25\bin;E:\Program Files\TortoiseSVN\bin;E:\apache-maven-3.2.3-bin\apache-maven-3.2.3\bin;E:\huaxin\apache-cxf-2.7.15\bin;e:\Program Files (x86)\Windows7Master;E:\Program Files (x86)\Windows7Master
USERNAME=admin
OS=Windows_NT
PROCESSOR_IDENTIFIER=Intel64 Family 6 Model 58 Stepping 9, GenuineIntel



---------------  S Y S T E M  ---------------

OS: Windows 8 , 64 bit Build 9200 

CPU:total 4 (2 cores per cpu, 2 threads per core) family 6 model 58 stepping 9, cmov, cx8, fxsr, mmx, sse, sse2, sse3, ssse3, sse4.1, sse4.2, popcnt, avx, ht, tsc, tscinvbit, tscinv

Memory: 4k page, physical 8201716k(2270544k free), swap 10704396k(2245628k free)

vm_info: Java HotSpot(TM) Client VM (23.25-b01) for windows-x86 JRE (1.7.0_25-b17), built on Jun 21 2013 13:06:48 by "java_re" with unknown MS VC++:1600

time: Fri Nov 06 15:54:35 2015
elapsed time: 4096 seconds

